<?xml version="1.0" encoding="UTF-8"?>
<!-- Generated by org.testng.reporters.JUnitXMLReporter -->
<testsuite hostname="ANANDA-ACHARYA" failures="1" tests="3" name="Test1" time="541.392" errors="0" timestamp="25 Sep 2020 10:11:09 GMT">
  <testcase classname="batchExecution.DriverScript" name="testMethod" time="181.187">
    <failure type="exceptions.ElementNotFoundException">
      <![CDATA[exceptions.ElementNotFoundException
	at utility.FL_GeneralUtils.waitUntil(FL_GeneralUtils.java:425)
	at functionalLibrary.Login.loginUser(Login.java:51)
	at batchExecution.DriverScript.invokeSwitch(DriverScript.java:358)
	at batchExecution.DriverScript.testMethod(DriverScript.java:331)
... Removed 24 stack frames]]>
    </failure>
  </testcase> <!-- testMethod -->
  <testcase classname="batchExecution.DriverScript" name="testMethod" time="176.057"/>
  <testcase classname="batchExecution.DriverScript" name="testMethod" time="176.894"/>
</testsuite> <!-- Test1 -->
